

Started GET "/microposts/" for 111.197.233.57 at 2013-07-22 16:09:41 +0000
  [1m[36mActiveRecord::SchemaMigration Load (0.1ms)[0m  [1mSELECT "schema_migrations".* FROM "schema_migrations"[0m
Processing by MicropostsController#index as HTML
Completed 500 Internal Server Error in 5ms

ArgumentError (Range unspecified. Specify the :in, :within, :maximum, :minimum, or :is option.):
  app/models/micropost.rb:3:in `<class:Micropost>'
  app/models/micropost.rb:1:in `<top (required)>'
  app/controllers/microposts_controller.rb:7:in `index'


  Rendered /home/deployer/.rvm/gems/ruby-2.0.0-p247/gems/actionpack-4.0.0/lib/action_dispatch/middleware/templates/rescues/_source.erb (0.8ms)
  Rendered /home/deployer/.rvm/gems/ruby-2.0.0-p247/gems/actionpack-4.0.0/lib/action_dispatch/middleware/templates/rescues/_trace.erb (1.5ms)
  Rendered /home/deployer/.rvm/gems/ruby-2.0.0-p247/gems/actionpack-4.0.0/lib/action_dispatch/middleware/templates/rescues/_request_and_response.erb (23.3ms)
  Rendered /home/deployer/.rvm/gems/ruby-2.0.0-p247/gems/actionpack-4.0.0/lib/action_dispatch/middleware/templates/rescues/diagnostics.erb within rescues/layout (37.9ms)


Started GET "/microposts/" for 111.197.233.57 at 2013-07-22 16:09:46 +0000
Processing by MicropostsController#index as HTML
Completed 500 Internal Server Error in 4ms

ArgumentError (Range unspecified. Specify the :in, :within, :maximum, :minimum, or :is option.):
  app/models/micropost.rb:3:in `<class:Micropost>'
  app/models/micropost.rb:1:in `<top (required)>'
  app/controllers/microposts_controller.rb:7:in `index'


  Rendered /home/deployer/.rvm/gems/ruby-2.0.0-p247/gems/actionpack-4.0.0/lib/action_dispatch/middleware/templates/rescues/_source.erb (0.9ms)
  Rendered /home/deployer/.rvm/gems/ruby-2.0.0-p247/gems/actionpack-4.0.0/lib/action_dispatch/middleware/templates/rescues/_trace.erb (1.7ms)
  Rendered /home/deployer/.rvm/gems/ruby-2.0.0-p247/gems/actionpack-4.0.0/lib/action_dispatch/middleware/templates/rescues/_request_and_response.erb (1.7ms)
  Rendered /home/deployer/.rvm/gems/ruby-2.0.0-p247/gems/actionpack-4.0.0/lib/action_dispatch/middleware/templates/rescues/diagnostics.erb within rescues/layout (19.2ms)


Started GET "/microposts/" for 111.197.233.57 at 2013-07-22 16:09:47 +0000
Processing by MicropostsController#index as HTML
Completed 500 Internal Server Error in 3ms

ArgumentError (Range unspecified. Specify the :in, :within, :maximum, :minimum, or :is option.):
  app/models/micropost.rb:3:in `<class:Micropost>'
  app/models/micropost.rb:1:in `<top (required)>'
  app/controllers/microposts_controller.rb:7:in `index'


  Rendered /home/deployer/.rvm/gems/ruby-2.0.0-p247/gems/actionpack-4.0.0/lib/action_dispatch/middleware/templates/rescues/_source.erb (1.0ms)
  Rendered /home/deployer/.rvm/gems/ruby-2.0.0-p247/gems/actionpack-4.0.0/lib/action_dispatch/middleware/templates/rescues/_trace.erb (1.6ms)
  Rendered /home/deployer/.rvm/gems/ruby-2.0.0-p247/gems/actionpack-4.0.0/lib/action_dispatch/middleware/templates/rescues/_request_and_response.erb (2.0ms)
  Rendered /home/deployer/.rvm/gems/ruby-2.0.0-p247/gems/actionpack-4.0.0/lib/action_dispatch/middleware/templates/rescues/diagnostics.erb within rescues/layout (19.5ms)


Started GET "/microposts/" for 111.197.233.57 at 2013-07-22 16:09:48 +0000
Processing by MicropostsController#index as HTML
Completed 500 Internal Server Error in 44ms

ArgumentError (Range unspecified. Specify the :in, :within, :maximum, :minimum, or :is option.):
  app/models/micropost.rb:3:in `<class:Micropost>'
  app/models/micropost.rb:1:in `<top (required)>'
  app/controllers/microposts_controller.rb:7:in `index'


  Rendered /home/deployer/.rvm/gems/ruby-2.0.0-p247/gems/actionpack-4.0.0/lib/action_dispatch/middleware/templates/rescues/_source.erb (0.9ms)
  Rendered /home/deployer/.rvm/gems/ruby-2.0.0-p247/gems/actionpack-4.0.0/lib/action_dispatch/middleware/templates/rescues/_trace.erb (1.8ms)
  Rendered /home/deployer/.rvm/gems/ruby-2.0.0-p247/gems/actionpack-4.0.0/lib/action_dispatch/middleware/templates/rescues/_request_and_response.erb (1.8ms)
  Rendered /home/deployer/.rvm/gems/ruby-2.0.0-p247/gems/actionpack-4.0.0/lib/action_dispatch/middleware/templates/rescues/diagnostics.erb within rescues/layout (19.8ms)


Started GET "/microposts/" for 111.197.233.57 at 2013-07-22 16:09:49 +0000
Processing by MicropostsController#index as HTML
Completed 500 Internal Server Error in 3ms

ArgumentError (Range unspecified. Specify the :in, :within, :maximum, :minimum, or :is option.):
  app/models/micropost.rb:3:in `<class:Micropost>'
  app/models/micropost.rb:1:in `<top (required)>'
  app/controllers/microposts_controller.rb:7:in `index'


  Rendered /home/deployer/.rvm/gems/ruby-2.0.0-p247/gems/actionpack-4.0.0/lib/action_dispatch/middleware/templates/rescues/_source.erb (0.9ms)
  Rendered /home/deployer/.rvm/gems/ruby-2.0.0-p247/gems/actionpack-4.0.0/lib/action_dispatch/middleware/templates/rescues/_trace.erb (2.0ms)
  Rendered /home/deployer/.rvm/gems/ruby-2.0.0-p247/gems/actionpack-4.0.0/lib/action_dispatch/middleware/templates/rescues/_request_and_response.erb (1.7ms)
  Rendered /home/deployer/.rvm/gems/ruby-2.0.0-p247/gems/actionpack-4.0.0/lib/action_dispatch/middleware/templates/rescues/diagnostics.erb within rescues/layout (18.9ms)


Started GET "/microposts/" for 111.197.233.57 at 2013-07-22 16:09:50 +0000
Processing by MicropostsController#index as HTML
Completed 500 Internal Server Error in 4ms

ArgumentError (Range unspecified. Specify the :in, :within, :maximum, :minimum, or :is option.):
  app/models/micropost.rb:3:in `<class:Micropost>'
  app/models/micropost.rb:1:in `<top (required)>'
  app/controllers/microposts_controller.rb:7:in `index'


  Rendered /home/deployer/.rvm/gems/ruby-2.0.0-p247/gems/actionpack-4.0.0/lib/action_dispatch/middleware/templates/rescues/_source.erb (1.0ms)
  Rendered /home/deployer/.rvm/gems/ruby-2.0.0-p247/gems/actionpack-4.0.0/lib/action_dispatch/middleware/templates/rescues/_trace.erb (1.8ms)
  Rendered /home/deployer/.rvm/gems/ruby-2.0.0-p247/gems/actionpack-4.0.0/lib/action_dispatch/middleware/templates/rescues/_request_and_response.erb (1.9ms)
  Rendered /home/deployer/.rvm/gems/ruby-2.0.0-p247/gems/actionpack-4.0.0/lib/action_dispatch/middleware/templates/rescues/diagnostics.erb within rescues/layout (19.1ms)


Started GET "/microposts/" for 111.197.233.57 at 2013-07-22 16:11:01 +0000
Processing by MicropostsController#index as HTML
Completed 500 Internal Server Error in 3ms

ArgumentError (Range unspecified. Specify the :in, :within, :maximum, :minimum, or :is option.):
  app/models/micropost.rb:3:in `<class:Micropost>'
  app/models/micropost.rb:1:in `<top (required)>'
  app/controllers/microposts_controller.rb:7:in `index'


  Rendered /home/deployer/.rvm/gems/ruby-2.0.0-p247/gems/actionpack-4.0.0/lib/action_dispatch/middleware/templates/rescues/_source.erb (0.7ms)
  Rendered /home/deployer/.rvm/gems/ruby-2.0.0-p247/gems/actionpack-4.0.0/lib/action_dispatch/middleware/templates/rescues/_trace.erb (1.3ms)
  Rendered /home/deployer/.rvm/gems/ruby-2.0.0-p247/gems/actionpack-4.0.0/lib/action_dispatch/middleware/templates/rescues/_request_and_response.erb (1.4ms)
  Rendered /home/deployer/.rvm/gems/ruby-2.0.0-p247/gems/actionpack-4.0.0/lib/action_dispatch/middleware/templates/rescues/diagnostics.erb within rescues/layout (14.3ms)


Started GET "/microposts/" for 111.197.233.57 at 2013-07-22 16:11:04 +0000
Processing by MicropostsController#index as HTML
Completed 500 Internal Server Error in 4ms

ArgumentError (Range unspecified. Specify the :in, :within, :maximum, :minimum, or :is option.):
  app/models/micropost.rb:3:in `<class:Micropost>'
  app/models/micropost.rb:1:in `<top (required)>'
  app/controllers/microposts_controller.rb:7:in `index'


  Rendered /home/deployer/.rvm/gems/ruby-2.0.0-p247/gems/actionpack-4.0.0/lib/action_dispatch/middleware/templates/rescues/_source.erb (1.0ms)
  Rendered /home/deployer/.rvm/gems/ruby-2.0.0-p247/gems/actionpack-4.0.0/lib/action_dispatch/middleware/templates/rescues/_trace.erb (1.9ms)
  Rendered /home/deployer/.rvm/gems/ruby-2.0.0-p247/gems/actionpack-4.0.0/lib/action_dispatch/middleware/templates/rescues/_request_and_response.erb (1.9ms)
  Rendered /home/deployer/.rvm/gems/ruby-2.0.0-p247/gems/actionpack-4.0.0/lib/action_dispatch/middleware/templates/rescues/diagnostics.erb within rescues/layout (20.3ms)


Started GET "/microposts/" for 111.197.233.57 at 2013-07-22 16:12:08 +0000
Processing by MicropostsController#index as HTML
  [1m[35mMicropost Load (0.4ms)[0m  SELECT "microposts".* FROM "microposts"
  Rendered microposts/index.html.erb within layouts/application (35.6ms)
Completed 200 OK in 887ms (Views: 879.5ms | ActiveRecord: 1.3ms)


Started GET "/assets/application.css?body=1" for 111.197.233.57 at 2013-07-22 16:12:09 +0000


Started GET "/assets/microposts.css?body=1" for 111.197.233.57 at 2013-07-22 16:12:10 +0000


Started GET "/assets/scaffolds.css?body=1" for 111.197.233.57 at 2013-07-22 16:12:10 +0000


Started GET "/assets/users.css?body=1" for 111.197.233.57 at 2013-07-22 16:12:10 +0000


Started GET "/assets/jquery.js?body=1" for 111.197.233.57 at 2013-07-22 16:12:10 +0000


Started GET "/assets/jquery_ujs.js?body=1" for 111.197.233.57 at 2013-07-22 16:12:10 +0000


Started GET "/assets/turbolinks.js?body=1" for 111.197.233.57 at 2013-07-22 16:12:10 +0000


Started GET "/assets/microposts.js?body=1" for 111.197.233.57 at 2013-07-22 16:12:10 +0000


Started GET "/assets/users.js?body=1" for 111.197.233.57 at 2013-07-22 16:12:10 +0000


Started GET "/assets/application.js?body=1" for 111.197.233.57 at 2013-07-22 16:12:10 +0000


Started GET "/microposts/3/edit" for 111.197.233.57 at 2013-07-22 16:12:27 +0000
Processing by MicropostsController#edit as HTML
  Parameters: {"id"=>"3"}
  [1m[36mMicropost Load (0.5ms)[0m  [1mSELECT "microposts".* FROM "microposts" WHERE "microposts"."id" = ? LIMIT 1[0m  [["id", "3"]]
  Rendered microposts/_form.html.erb (67.9ms)
  Rendered microposts/edit.html.erb within layouts/application (74.2ms)
Completed 200 OK in 88ms (Views: 82.6ms | ActiveRecord: 0.5ms)


Started PATCH "/microposts/3" for 111.197.233.57 at 2013-07-22 16:12:37 +0000
Processing by MicropostsController#update as HTML
  Parameters: {"utf8"=>"✓", "authenticity_token"=>"Iacx82x5LyQDKdEZnE77XFcRvvp4pSzjdNuMJpuphNk=", "micropost"=>{"content"=>"ssdfssss大大大ssdfssss大大大ssdfssss大大大ssdfssss大大大ssdfssss大大大ssdfssss大大大大大dddddddddddddddddddddddddddddddddddddddddddddddddddddddddddddddddddddddddddddddddddddddddddddddddddddddddddddddddddddddddddddddddddddddddddddddddddddddddddddddddssssssssssssssssssssssssssssssssssssssssssssssssssssssssssssssssssssssssssssssssssssssssssssssssssssssssss", "user_id"=>"1"}, "commit"=>"Update Micropost", "id"=>"3"}
  [1m[35mMicropost Load (0.2ms)[0m  SELECT "microposts".* FROM "microposts" WHERE "microposts"."id" = ? LIMIT 1  [["id", "3"]]
  [1m[36m (0.1ms)[0m  [1mbegin transaction[0m
  [1m[35m (0.1ms)[0m  rollback transaction
  Rendered microposts/_form.html.erb (4.4ms)
  Rendered microposts/edit.html.erb within layouts/application (5.5ms)
Completed 200 OK in 18ms (Views: 11.7ms | ActiveRecord: 0.4ms)
